0 info it worked if it ends with ok
1 verbose cli [ 'C:\\Program Files\\nodejs\\node.exe',
1 verbose cli   'C:\\Program Files\\nodejs\\node_modules\\npm\\bin\\npm-cli.js',
1 verbose cli   'publish' ]
2 info using npm@3.3.12
3 info using node@v5.1.0
4 verbose publish [ '.' ]
5 silly cache add args [ '.', null ]
6 verbose cache add spec .
7 silly cache add parsed spec Result {
7 silly cache add   raw: '.',
7 silly cache add   scope: null,
7 silly cache add   name: null,
7 silly cache add   rawSpec: '.',
7 silly cache add   spec: 'D:\\git\\gulp-url-combo',
7 silly cache add   type: 'directory' }
8 verbose addLocalDirectory C:\Users\xsbchen\AppData\Roaming\npm-cache\gulp-url-combo\1.0.0\package.tgz not in flight; packing
9 info lifecycle gulp-url-combo@1.0.0~prepublish: gulp-url-combo@1.0.0
10 silly lifecycle gulp-url-combo@1.0.0~prepublish: no script for prepublish, continuing
11 verbose tar pack [ 'C:\\Users\\xsbchen\\AppData\\Roaming\\npm-cache\\gulp-url-combo\\1.0.0\\package.tgz',
11 verbose tar pack   'D:\\git\\gulp-url-combo' ]
12 verbose tarball C:\Users\xsbchen\AppData\Roaming\npm-cache\gulp-url-combo\1.0.0\package.tgz
13 verbose folder D:\git\gulp-url-combo
14 verbose addLocalTarball adding from inside cache C:\Users\xsbchen\AppData\Roaming\npm-cache\gulp-url-combo\1.0.0\package.tgz
15 silly cache afterAdd gulp-url-combo@1.0.0
16 verbose afterAdd C:\Users\xsbchen\AppData\Roaming\npm-cache\gulp-url-combo\1.0.0\package\package.json not in flight; writing
17 verbose afterAdd C:\Users\xsbchen\AppData\Roaming\npm-cache\gulp-url-combo\1.0.0\package\package.json written
18 silly publish { name: 'gulp-url-combo',
18 silly publish   version: '1.0.0',
18 silly publish   description: 'url combo',
18 silly publish   main: 'index.js',
18 silly publish   scripts: { test: 'echo "Error: no test specified" && exit 1' },
18 silly publish   repository:
18 silly publish    { type: 'git',
18 silly publish      url: 'git+https://github.com/obingo/gulp-url-combo.git' },
18 silly publish   keywords: [ 'gulp', 'combo' ],
18 silly publish   author: { name: 'xsbchen' },
18 silly publish   license: 'MIT',
18 silly publish   bugs: { url: 'https://github.com/obingo/gulp-url-combo/issues' },
18 silly publish   homepage: 'https://github.com/obingo/gulp-url-combo',
18 silly publish   dependencies:
18 silly publish    { 'gulp-util': '^3.0.7',
18 silly publish      lodash: '^3.10.1',
18 silly publish      through2: '^2.0.0',
18 silly publish      'url-combo': '^1.0.1' },
18 silly publish   readme: '# gulp-url-combo\n可以通过为script和link增加data-combo属性把页面中多个js、css请求combo为一个或者多个（根据data-combo的属性值）。\n\n## 配置说明\n* `basePath` 默认 `/c/=`\n* `separator` 默认 `,`',
18 silly publish   readmeFilename: 'README.md',
18 silly publish   gitHead: '02904df5f82952f15a90553b21f014188e60b37e',
18 silly publish   _id: 'gulp-url-combo@1.0.0',
18 silly publish   _shasum: '19a659b7bf2e5175460e260c8fe6116c02d8e145',
18 silly publish   _from: '.' }
19 verbose getPublishConfig undefined
20 silly mapToRegistry name gulp-url-combo
21 silly mapToRegistry using default registry
22 silly mapToRegistry registry https://registry.npmjs.org/
23 silly mapToRegistry uri https://registry.npmjs.org/gulp-url-combo
24 verbose publish registryBase https://registry.npmjs.org/
25 silly publish uploading C:\Users\xsbchen\AppData\Roaming\npm-cache\gulp-url-combo\1.0.0\package.tgz
26 verbose request uri https://registry.npmjs.org/gulp-url-combo
27 verbose request sending authorization for write operation
28 info attempt registry request try #1 at 11:52:43
29 verbose request using bearer token for auth
30 verbose request id 565649785096e6c2
31 http request PUT https://registry.npmjs.org/gulp-url-combo
32 http 403 https://registry.npmjs.org/gulp-url-combo
33 verbose headers { 'content-type': 'application/json',
33 verbose headers   'cache-control': 'max-age=300',
33 verbose headers   'content-length': '95',
33 verbose headers   'accept-ranges': 'bytes',
33 verbose headers   date: 'Fri, 11 Dec 2015 03:52:45 GMT',
33 verbose headers   via: '1.1 varnish',
33 verbose headers   connection: 'close',
33 verbose headers   'x-served-by': 'cache-lhr6328-LHR',
33 verbose headers   'x-cache': 'MISS',
33 verbose headers   'x-cache-hits': '0',
33 verbose headers   'x-timer': 'S1449805964.395473,VS0,VE1014' }
34 verbose request invalidating C:\Users\xsbchen\AppData\Roaming\npm-cache\registry.npmjs.org\gulp-url-combo on PUT
35 error publish Failed PUT 403
36 verbose stack Error: "You cannot publish over the previously published version 1.0.0." : gulp-url-combo
36 verbose stack     at makeError (C:\Program Files\nodejs\node_modules\npm\node_modules\npm-registry-client\lib\request.js:264:12)
36 verbose stack     at CachingRegistryClient.<anonymous> (C:\Program Files\nodejs\node_modules\npm\node_modules\npm-registry-client\lib\request.js:252:14)
36 verbose stack     at Request._callback (C:\Program Files\nodejs\node_modules\npm\node_modules\npm-registry-client\lib\request.js:172:14)
36 verbose stack     at Request.self.callback (C:\Program Files\nodejs\node_modules\npm\node_modules\request\request.js:198:22)
36 verbose stack     at emitTwo (events.js:87:13)
36 verbose stack     at Request.emit (events.js:172:7)
36 verbose stack     at Request.<anonymous> (C:\Program Files\nodejs\node_modules\npm\node_modules\request\request.js:1082:10)
36 verbose stack     at emitOne (events.js:82:20)
36 verbose stack     at Request.emit (events.js:169:7)
36 verbose stack     at IncomingMessage.<anonymous> (C:\Program Files\nodejs\node_modules\npm\node_modules\request\request.js:1009:12)
37 verbose statusCode 403
38 verbose pkgid gulp-url-combo
39 verbose cwd D:\git\gulp-url-combo
40 error Windows_NT 6.1.7601
41 error argv "C:\\Program Files\\nodejs\\node.exe" "C:\\Program Files\\nodejs\\node_modules\\npm\\bin\\npm-cli.js" "publish"
42 error node v5.1.0
43 error npm  v3.3.12
44 error code E403
45 error "You cannot publish over the previously published version 1.0.0." : gulp-url-combo
46 error If you need help, you may report this error at:
46 error     <https://github.com/npm/npm/issues>
47 verbose exit [ 1, true ]
